<?xml version="1.0" encoding="UTF-8"?>
<!-- Generated by org.testng.reporters.JUnitReportReporter -->
<testsuite hostname="LAPTOP-43LLEU7B" failures="0" tests="5" name="com.basicapplication.Login" time="33.344" errors="0" timestamp="2024-08-23T18:56:12 IST" skipped="0">
  <testcase classname="com.basicapplication.Login" name="ObjectverifyLoginwrongPassword" time="9.976"/>
  <system-out/>
  <testcase classname="com.basicapplication.Login" name="verifyLoginwrongemail" time="7.365"/>
  <system-out/>
  <testcase classname="com.basicapplication.Login" name="verifyLoginwrongEmail" time="5.362"/>
  <system-out/>
  <testcase classname="com.basicapplication.Login" name="verifyLoginwrongEmail" time="5.200"/>
  <system-out/>
  <testcase classname="com.basicapplication.Login" name="verifyLoginwrongEmail" time="5.441"/>
  <system-out/>
</testsuite> <!-- com.basicapplication.Login -->
