<?xml version="1.0" encoding="UTF-8"?>
<!-- Generated by org.testng.reporters.JUnitReportReporter -->
<testsuite hostname="LAPTOP-43LLEU7B" failures="0" tests="5" name="com.basicapplication.LoginTest" time="35.713" errors="0" timestamp="2024-08-26T10:00:50 IST" skipped="0">
  <testcase classname="com.basicapplication.LoginTest" name="ObjectverifyLoginwrongPassword" time="6.652"/>
  <system-out/>
  <testcase classname="com.basicapplication.LoginTest" name="verifyLoginwrongemail" time="11.216"/>
  <system-out/>
  <testcase classname="com.basicapplication.LoginTest" name="verifyLoginwrongEmail" time="5.978"/>
  <system-out/>
  <testcase classname="com.basicapplication.LoginTest" name="verifyLoginwrongEmail" time="5.867"/>
  <system-out/>
  <testcase classname="com.basicapplication.LoginTest" name="verifyLoginwrongEmail" time="6.000"/>
  <system-out/>
</testsuite> <!-- com.basicapplication.LoginTest -->
